#
# There is insufficient memory for the Java Runtime Environment to continue.
# Native memory allocation (mmap) failed to map 134217728 bytes for G1 virtual space
# Possible reasons:
#   The system is out of physical RAM or swap space
#   The process is running with CompressedOops enabled, and the Java Heap may be blocking the growth of the native heap
# Possible solutions:
#   Reduce memory load on the system
#   Increase physical memory or swap space
#   Check if swap backing store is full
#   Decrease Java heap size (-Xmx/-Xms)
#   Decrease number of Java threads
#   Decrease Java thread stack sizes (-Xss)
#   Set larger code cache with -XX:ReservedCodeCacheSize=
#   JVM is running with Unscaled Compressed Oops mode in which the Java heap is
#     placed in the first 4GB address space. The Java Heap base address is the
#     maximum limit for the native heap growth. Please use -XX:HeapBaseMinAddress
#     to set the Java Heap base and to place the Java Heap above 4GB virtual address.
# This output file may be truncated or incomplete.
#
#  Out of Memory Error (os_windows.cpp:3825), pid=15796, tid=12052
#
# JRE version:  (17.0.10+1) (build )
# Java VM: OpenJDK 64-Bit Server VM (17.0.10+1-b1207.14, mixed mode, sharing, tiered, compressed oops, compressed class ptrs, g1 gc, windows-amd64)
# No core dump will be written. Minidumps are not enabled by default on client versions of Windows
#

---------------  S U M M A R Y ------------

Command Line: git4idea.http.GitAskPassApp Username for 'https://github.com': 

Host: Intel(R) Core(TM) i7-7500U CPU @ 2.70GHz, 4 cores, 7G,  Windows 10 , 64 bit Build 19041 (10.0.19041.3636)
Time: Thu May 23 01:30:53 2024 AUS Eastern Standard Time elapsed time: 0.041620 seconds (0d 0h 0m 0s)

---------------  T H R E A D  ---------------

Current thread (0x0000014e651b2770):  JavaThread "Unknown thread" [_thread_in_vm, id=12052, stack(0x0000003c24f00000,0x0000003c25000000)]

Stack: [0x0000003c24f00000,0x0000003c25000000]
Native frames: (J=compiled Java code, j=interpreted, Vv=VM code, C=native code)
V  [jvm.dll+0x687989]
V  [jvm.dll+0x84116a]
V  [jvm.dll+0x842dae]
V  [jvm.dll+0x843413]
V  [jvm.dll+0x249ccf]
V  [jvm.dll+0x684759]
V  [jvm.dll+0x67900a]
V  [jvm.dll+0x30ab0b]
V  [jvm.dll+0x311fb6]
V  [jvm.dll+0x361d5e]
V  [jvm.dll+0x361f8f]
V  [jvm.dll+0x2e07f8]
V  [jvm.dll+0x2e1764]
V  [jvm.dll+0x811c31]
V  [jvm.dll+0x36fc11]
V  [jvm.dll+0x7f0666]
V  [jvm.dll+0x3f3daf]
V  [jvm.dll+0x3f5a41]
C  [jli.dll+0x528f]
C  [ucrtbase.dll+0x21bb2]
C  [KERNEL32.DLL+0x17344]
C  [ntdll.dll+0x526b1]


---------------  P R O C E S S  ---------------

Threads class SMR info:
_java_thread_list=0x00007ffadec2df58, length=0, elements={
}

Java Threads: ( => current thread )

Other Threads:
  0x0000014e6520bb10 GCTaskThread "GC Thread#0" [stack: 0x0000003c25000000,0x0000003c25100000] [id=7592]
  0x0000014e6521c770 ConcurrentGCThread "G1 Main Marker" [stack: 0x0000003c25100000,0x0000003c25200000] [id=16404]
  0x0000014e6521e940 ConcurrentGCThread "G1 Conc#0" [stack: 0x0000003c25200000,0x0000003c25300000] [id=4356]

[error occurred during error reporting (printing all threads), id 0xc0000005, EXCEPTION_ACCESS_VIOLATION (0xc0000005) at pc=0x00007ffade3e13c7]

VM state: not at safepoint (not fully initialized)

VM Mutex/Monitor currently owned by a thread:  ([mutex/lock_event])
[0x0000014e6516a0e0] Heap_lock - owner thread: 0x0000014e651b2770

Heap address: 0x0000000081800000, size: 2024 MB, Compressed Oops mode: 32-bit

CDS archive(s) mapped at: [0x0000000000000000-0x0000000000000000-0x0000000000000000), size 0, SharedBaseAddress: 0x0000000800000000, ArchiveRelocationMode: 1.
Narrow klass base: 0x0000000000000000, Narrow klass shift: 0, Narrow klass range: 0x0

GC Precious Log:
<Empty>

Heap:
 garbage-first heap   total 0K, used 0K [0x0000000081800000, 0x0000000100000000)
  region size 1024K, 0 young (0K), 0 survivors (0K)
 Metaspace       used 0K, committed 0K, reserved 0K
  class space    used 0K, committed 0K, reserved 0K

Heap Regions: E=young(eden), S=young(survivor), O=old, HS=humongous(starts), HC=humongous(continues), CS=collection set, F=free, OA=open archive, CA=closed archive, TAMS=top-at-mark-start (previous, next)

Card table byte_map: [0x0000014e79b50000,0x0000014e79f50000] _byte_map_base: 0x0000014e79744000

Marking Bits (Prev, Next): (CMBitMap*) 0x0000014e6520c140, (CMBitMap*) 0x0000014e6520c180
 Prev Bits: [0x0000014e7a350000, 0x0000014e7c2f0000)
 Next Bits: [0x0000014e7c2f0000, 0x0000014e7e290000)

GC Heap History (0 events):
No events

Dll operation events (1 events):
Event: 0.011 Loaded shared library D:\Download\Pycharm\PyCharm Community Edition 2024.1.1\jbr\bin\java.dll

Deoptimization events (0 events):
No events

Classes unloaded (0 events):
No events

Classes redefined (0 events):
No events

Internal exceptions (0 events):
No events

VM Operations (0 events):
No events

Events (0 events):
No events


Dynamic libraries:
0x00007ff71bad0000 - 0x00007ff71bada000 	D:\Download\Pycharm\PyCharm Community Edition 2024.1.1\jbr\bin\java.exe
0x00007ffb20390000 - 0x00007ffb20588000 	C:\WINDOWS\SYSTEM32\ntdll.dll
0x00007ffb1f8f0000 - 0x00007ffb1f9ad000 	C:\WINDOWS\System32\KERNEL32.DLL
0x00007ffb1daa0000 - 0x00007ffb1dd96000 	C:\WINDOWS\System32\KERNELBASE.dll
0x00007ffb1e090000 - 0x00007ffb1e190000 	C:\WINDOWS\System32\ucrtbase.dll
0x00007ffaef080000 - 0x00007ffaef09b000 	D:\Download\Pycharm\PyCharm Community Edition 2024.1.1\jbr\bin\VCRUNTIME140.dll
0x00007ffad1010000 - 0x00007ffad1027000 	D:\Download\Pycharm\PyCharm Community Edition 2024.1.1\jbr\bin\jli.dll
0x00007ffb1f440000 - 0x00007ffb1f5df000 	C:\WINDOWS\System32\USER32.dll
0x00007ffb1e340000 - 0x00007ffb1e362000 	C:\WINDOWS\System32\win32u.dll
0x00007ffb202c0000 - 0x00007ffb202eb000 	C:\WINDOWS\System32\GDI32.dll
0x00007ffb1e190000 - 0x00007ffb1e2a7000 	C:\WINDOWS\System32\gdi32full.dll
0x00007ffb0aac0000 - 0x00007ffb0ad5a000 	C:\WINDOWS\WinSxS\amd64_microsoft.windows.common-controls_6595b64144ccf1df_6.0.19041.4355_none_60b8b9eb71f62e16\COMCTL32.dll
0x00007ffb1dda0000 - 0x00007ffb1de3d000 	C:\WINDOWS\System32\msvcp_win.dll
0x00007ffb1e5f0000 - 0x00007ffb1e68e000 	C:\WINDOWS\System32\msvcrt.dll
0x00007ffb1f9b0000 - 0x00007ffb1f9e2000 	C:\WINDOWS\System32\IMM32.DLL
0x00007ffb171d0000 - 0x00007ffb171dc000 	D:\Download\Pycharm\PyCharm Community Edition 2024.1.1\jbr\bin\vcruntime140_1.dll
0x00007ffae1470000 - 0x00007ffae14fd000 	D:\Download\Pycharm\PyCharm Community Edition 2024.1.1\jbr\bin\msvcp140.dll
0x00007ffade0f0000 - 0x00007ffaded72000 	D:\Download\Pycharm\PyCharm Community Edition 2024.1.1\jbr\bin\server\jvm.dll
0x00007ffb1f1c0000 - 0x00007ffb1f270000 	C:\WINDOWS\System32\ADVAPI32.dll
0x00007ffb1f650000 - 0x00007ffb1f6f0000 	C:\WINDOWS\System32\sechost.dll
0x00007ffb1f7c0000 - 0x00007ffb1f8e3000 	C:\WINDOWS\System32\RPCRT4.dll
0x00007ffb1de40000 - 0x00007ffb1de67000 	C:\WINDOWS\System32\bcrypt.dll
0x00007ffb1d690000 - 0x00007ffb1d6db000 	C:\WINDOWS\SYSTEM32\POWRPROF.dll
0x00007ffb07960000 - 0x00007ffb07969000 	C:\WINDOWS\SYSTEM32\WSOCK32.dll
0x00007ffb0a110000 - 0x00007ffb0a137000 	C:\WINDOWS\SYSTEM32\WINMM.dll
0x00007ffb1d230000 - 0x00007ffb1d23a000 	C:\WINDOWS\SYSTEM32\VERSION.dll
0x00007ffb1f5e0000 - 0x00007ffb1f64b000 	C:\WINDOWS\System32\WS2_32.dll
0x00007ffb1d100000 - 0x00007ffb1d112000 	C:\WINDOWS\SYSTEM32\UMPDC.dll
0x00007ffb1bc40000 - 0x00007ffb1bc52000 	C:\WINDOWS\SYSTEM32\kernel.appcore.dll
0x00007ffb16f90000 - 0x00007ffb16f9a000 	D:\Download\Pycharm\PyCharm Community Edition 2024.1.1\jbr\bin\jimage.dll
0x00007ffb1d4a0000 - 0x00007ffb1d684000 	C:\WINDOWS\SYSTEM32\DBGHELP.DLL
0x00007ffb064a0000 - 0x00007ffb064d4000 	C:\WINDOWS\SYSTEM32\dbgcore.DLL
0x00007ffb1e2b0000 - 0x00007ffb1e332000 	C:\WINDOWS\System32\bcryptPrimitives.dll
0x00007ffaf2350000 - 0x00007ffaf2375000 	D:\Download\Pycharm\PyCharm Community Edition 2024.1.1\jbr\bin\java.dll

dbghelp: loaded successfully - version: 4.0.5 - missing functions: none
symbol engine: initialized successfully - sym options: 0x614 - pdb path: .;D:\Download\Pycharm\PyCharm Community Edition 2024.1.1\jbr\bin;C:\WINDOWS\SYSTEM32;C:\WINDOWS\WinSxS\amd64_microsoft.windows.common-controls_6595b64144ccf1df_6.0.19041.4355_none_60b8b9eb71f62e16;D:\Download\Pycharm\PyCharm Community Edition 2024.1.1\jbr\bin\server

VM Arguments:
java_command: git4idea.http.GitAskPassApp Username for 'https://github.com': 
java_class_path (initial): D:/Download/Pycharm/PyCharm Community Edition 2024.1.1/plugins/vcs-git/lib/git4idea-rt.jar;D:/Download/Pycharm/PyCharm Community Edition 2024.1.1/lib/externalProcess-rt.jar
Launcher Type: SUN_STANDARD

[Global flags]
     intx CICompilerCount                          = 3                                         {product} {ergonomic}
     uint ConcGCThreads                            = 1                                         {product} {ergonomic}
     uint G1ConcRefinementThreads                  = 4                                         {product} {ergonomic}
   size_t G1HeapRegionSize                         = 1048576                                   {product} {ergonomic}
    uintx GCDrainStackTargetSize                   = 64                                        {product} {ergonomic}
   size_t InitialHeapSize                          = 134217728                                 {product} {ergonomic}
   size_t MarkStackSize                            = 4194304                                   {product} {ergonomic}
   size_t MaxHeapSize                              = 2122317824                                {product} {ergonomic}
   size_t MinHeapDeltaBytes                        = 1048576                                   {product} {ergonomic}
   size_t MinHeapSize                              = 8388608                                   {product} {ergonomic}
    uintx NonNMethodCodeHeapSize                   = 5832780                                {pd product} {ergonomic}
    uintx NonProfiledCodeHeapSize                  = 122912730                              {pd product} {ergonomic}
    uintx ProfiledCodeHeapSize                     = 122912730                              {pd product} {ergonomic}
    uintx ReservedCodeCacheSize                    = 251658240                              {pd product} {ergonomic}
     bool SegmentedCodeCache                       = true                                      {product} {ergonomic}
   size_t SoftMaxHeapSize                          = 2122317824                             {manageable} {ergonomic}
     bool UseCompressedClassPointers               = true                           {product lp64_product} {ergonomic}
     bool UseCompressedOops                        = true                           {product lp64_product} {ergonomic}
     bool UseG1GC                                  = true                                      {product} {ergonomic}
     bool UseLargePagesIndividualAllocation        = false                                  {pd product} {ergonomic}

Logging:
Log output configuration:
 #0: stdout all=warning uptime,level,tags
 #1: stderr all=off uptime,level,tags

Environment Variables:
PATH=C:\Program Files\Git\mingw64\libexec\git-core;C:\Program Files\Git\mingw64\libexec\git-core;C:\Program Files\Git\mingw64\bin;C:\Program Files\Git\usr\bin;C:\Users\Liche\bin;D:\Kevan's phd work\Pycharm project\Grid-connected-hydrogen-production\venv\Scripts;D:\Download\Gurobi\win64\bin;C:\Program Files (x86)\Intel\iCLS Client;C:\Program Files\Intel\iCLS Client;C:\Windows\system32;C:\Windows;C:\Windows\System32\Wbem;C:\Windows\System32\WindowsPowerShell\v1.0;C:\Program Files (x86)\NVIDIA Corporation\PhysX\Common;C:\Program Files (x86)\Intel\Intel(R) Management Engine Components\DAL;C:\Program Files\Intel\Intel(R) Management Engine Components\DAL;C:\Program Files (x86)\Intel\Intel(R) Management Engine Components\IPT;C:\Program Files\Intel\Intel(R) Management Engine Components\IPT;C:\Program Files\Intel\WiFi\bin;C:\Program Files\Common Files\Intel\WirelessCommon;C:\WINDOWS\system32;C:\WINDOWS;C:\WINDOWS\System32\Wbem;C:\WINDOWS\System32\WindowsPowerShell\v1.0;C:\WINDOWS\System32\OpenSSH;C:\Program Files\dotnet;C:\Program Files\Git\cmd;C:\Users\Liche\AppData\Local\Programs\Python\Launcher;C:\Users\Liche\AppData\Local\Microsoft\WindowsApps
USERNAME=Liche
DISPLAY=:0.0
LC_ALL=en_US.UTF-8
TERM=xterm-256color
TMPDIR=C:\Users\Liche\AppData\Local\Temp
OS=Windows_NT
PROCESSOR_IDENTIFIER=Intel64 Family 6 Model 142 Stepping 9, GenuineIntel
TMP=C:\Users\Liche\AppData\Local\Temp
TEMP=C:\Users\Liche\AppData\Local\Temp



Periodic native trim disabled

JNI global refs:
JNI global refs: 0, weak refs: 0

JNI global refs memory usage: 0, weak refs: 0

OOME stack traces (most recent first):
Classloader memory used:


---------------  S Y S T E M  ---------------

OS:
 Windows 10 , 64 bit Build 19041 (10.0.19041.3636)
OS uptime: 2 days 1:33 hours

CPU: total 4 (initial active 4) (2 cores per cpu, 2 threads per core) family 6 model 142 stepping 9 microcode 0xb4, cx8, cmov, fxsr, ht, mmx, 3dnowpref, sse, sse2, sse3, ssse3, sse4.1, sse4.2, popcnt, lzcnt, tsc, tscinvbit, avx, avx2, aes, erms, clmul, bmi1, bmi2, adx, fma, vzeroupper, clflush, clflushopt
Processor Information for all 4 processors :
  Max Mhz: 2901, Current Mhz: 2900, Mhz Limit: 2871

Memory: 4k page, system-wide physical 8090M (1281M free)
TotalPageFile size 21568M (AvailPageFile size 163M)
current process WorkingSet (physical memory assigned to process): 10M, peak: 10M
current process commit charge ("private bytes"): 52M, peak: 179M

vm_info: OpenJDK 64-Bit Server VM (17.0.10+1-b1207.14) for windows-amd64 JRE (17.0.10+1-b1207.14), built on 2024-04-05 by "builduser" with MS VC++ 16.10 / 16.11 (VS2019)

END.
